#-----------------------------------------------------------
# Vivado v2017.4 (64-bit)
# SW Build 2086221 on Fri Dec 15 20:55:39 MST 2017
# IP Build 2085800 on Fri Dec 15 22:25:07 MST 2017
# Start of session at: Tue Mar  2 22:32:03 2021
# Process ID: 27448
# Current directory: D:/ccwork/lab0/OExp00/OExp00-muxctrl
# Command line: vivado.exe -gui_launcher_event rodinguilauncherevent8372 D:\ccwork\lab0\OExp00\OExp00-muxctrl\OExp00-muxctrl.xpr
# Log file: D:/ccwork/lab0/OExp00/OExp00-muxctrl/vivado.log
# Journal file: D:/ccwork/lab0/OExp00/OExp00-muxctrl\vivado.jou
#-----------------------------------------------------------
start_gui
open_project D:/ccwork/lab0/OExp00/OExp00-muxctrl/OExp00-muxctrl.xpr
INFO: [Project 1-313] Project file moved from 'C:/Users/ASUS/Desktop/OExp00-muxctrl' since last save.
Scanning sources...
Finished scanning sources
INFO: [IP_Flow 19-234] Refreshing IP repositories
INFO: [IP_Flow 19-1700] Loaded user IP repository 'd:/ccwork/lab0/OExp00/OExp00-muxctrl/MUX'.
INFO: [IP_Flow 19-2313] Loaded Vivado IP repository 'D:/Vivado/2017.4/data/ip'.
open_project: Time (s): cpu = 00:00:11 ; elapsed = 00:00:07 . Memory (MB): peak = 824.629 ; gain = 91.246
update_compile_order -fileset sources_1
open_bd_design {D:/ccwork/lab0/OExp00/OExp00-muxctrl/OExp00-muxctrl.srcs/sources_1/bd/OExp01_muxctrl/OExp01_muxctrl.bd}
Adding cell -- xilinx.com:ip:xlslice:1.0 - xlslice_0
Adding cell -- xilinx.com:ip:xlslice:1.0 - xlslice_1
Adding cell -- xilinx.com:ip:xlconcat:2.1 - xlconcat_0
Adding cell -- xilinx.com:ip:xlconcat:2.1 - xlconcat_1
Adding cell -- xilinx.com:ip:xlconstant:1.1 - xlconstant_0
Adding cell -- xilinx.com:ip:xlconstant:1.1 - xlconstant_1
Adding cell -- xilinx.com:ip:xlslice:1.0 - xlslice_2
Adding cell -- xilinx.com:ip:xlslice:1.0 - xlslice_3
Adding cell -- xilinx.com:ip:xlconstant:1.1 - xlconstant_2
Adding cell -- xilinx.com:ip:xlconstant:1.1 - xlconstant_3
Adding cell -- xilinx.com:user:MUX2T1_5:1.0 - MUX2T1_5_0
Adding cell -- xilinx.com:user:MUX2T1_5:1.0 - MUX2T1_5_1
Adding cell -- xilinx.com:user:MUX4T1_5:1.0 - MUX4T1_5_1
Adding cell -- xilinx.com:user:MUX8T1_8:1.0 - MUX8T1_8_0
Successfully read diagram <OExp01_muxctrl> from BD file <D:/ccwork/lab0/OExp00/OExp00-muxctrl/OExp00-muxctrl.srcs/sources_1/bd/OExp01_muxctrl/OExp01_muxctrl.bd>
open_bd_design: Time (s): cpu = 00:00:11 ; elapsed = 00:00:08 . Memory (MB): peak = 908.395 ; gain = 74.691
exit
INFO: [Common 17-206] Exiting Vivado at Tue Mar  2 22:38:04 2021...
